<?xml version="1.0" encoding="UTF-8"?>
<testsuite name="test.GameTest" tests="2" skipped="0" failures="0" errors="0" timestamp="2020-11-01T18:01:57" hostname="ER28-2554.local" time="0.646">
  <properties/>
  <testcase name="saveGameTest()" classname="test.GameTest" time="0.502"/>
  <testcase name="gameTest1()" classname="test.GameTest" time="0.142"/>
  <system-out><![CDATA[]]></system-out>
  <system-err><![CDATA[]]></system-err>
</testsuite>
