<?xml version="1.0" encoding="UTF-8"?>
<testsuite name="test.ProvinceTest" tests="5" skipped="0" failures="0" errors="0" timestamp="2020-11-01T18:01:58" hostname="ER28-2554.local" time="0.024">
  <properties/>
  <testcase name="testTaxRate()" classname="test.ProvinceTest" time="0.004"/>
  <testcase name="testRecruitTroops()" classname="test.ProvinceTest" time="0.004"/>
  <testcase name="testAddMorale()" classname="test.ProvinceTest" time="0.003"/>
  <testcase name="testGrowth()" classname="test.ProvinceTest" time="0.003"/>
  <testcase name="testTreasury()" classname="test.ProvinceTest" time="0.004"/>
  <system-out><![CDATA[]]></system-out>
  <system-err><![CDATA[]]></system-err>
</testsuite>
